<?xml version="1.0" encoding="UTF-8"?>
<coverage generated="1391279289">
  <project timestamp="1391279289">
    <file name="/home/martin/Work/github/zf-apigility-skeleton/vendor/zfcampus/zf-apigility-admin/config/module.config.php">
      <line num="11" type="stmt" count="266"/>
      <line num="12" type="stmt" count="266"/>
      <line num="13" type="stmt" count="266"/>
      <line num="14" type="stmt" count="266"/>
      <line num="18" type="stmt" count="266"/>
      <line num="20" type="stmt" count="266"/>
      <line num="24" type="stmt" count="266"/>
      <line num="25" type="stmt" count="266"/>
      <line num="26" type="stmt" count="266"/>
      <line num="27" type="stmt" count="266"/>
      <line num="28" type="stmt" count="266"/>
      <line num="29" type="stmt" count="266"/>
      <line num="30" type="stmt" count="266"/>
      <line num="31" type="stmt" count="266"/>
      <line num="35" type="stmt" count="266"/>
      <line num="36" type="stmt" count="266"/>
      <line num="38" type="stmt" count="266"/>
      <line num="39" type="stmt" count="266"/>
      <line num="40" type="stmt" count="266"/>
      <line num="41" type="stmt" count="266"/>
      <line num="42" type="stmt" count="266"/>
      <line num="43" type="stmt" count="266"/>
      <line num="44" type="stmt" count="266"/>
      <line num="49" type="stmt" count="266"/>
      <line num="51" type="stmt" count="266"/>
      <line num="53" type="stmt" count="266"/>
      <line num="54" type="stmt" count="266"/>
      <line num="55" type="stmt" count="266"/>
      <line num="56" type="stmt" count="266"/>
      <line num="57" type="stmt" count="266"/>
      <line num="60" type="stmt" count="266"/>
      <line num="62" type="stmt" count="266"/>
      <line num="64" type="stmt" count="266"/>
      <line num="65" type="stmt" count="266"/>
      <line num="66" type="stmt" count="266"/>
      <line num="67" type="stmt" count="266"/>
      <line num="70" type="stmt" count="266"/>
      <line num="72" type="stmt" count="266"/>
      <line num="74" type="stmt" count="266"/>
      <line num="75" type="stmt" count="266"/>
      <line num="76" type="stmt" count="266"/>
      <line num="77" type="stmt" count="266"/>
      <line num="78" type="stmt" count="266"/>
      <line num="81" type="stmt" count="266"/>
      <line num="83" type="stmt" count="266"/>
      <line num="85" type="stmt" count="266"/>
      <line num="86" type="stmt" count="266"/>
      <line num="87" type="stmt" count="266"/>
      <line num="88" type="stmt" count="266"/>
      <line num="89" type="stmt" count="266"/>
      <line num="90" type="stmt" count="266"/>
      <line num="92" type="stmt" count="266"/>
      <line num="94" type="stmt" count="266"/>
      <line num="96" type="stmt" count="266"/>
      <line num="97" type="stmt" count="266"/>
      <line num="98" type="stmt" count="266"/>
      <line num="99" type="stmt" count="266"/>
      <line num="100" type="stmt" count="266"/>
      <line num="102" type="stmt" count="266"/>
      <line num="104" type="stmt" count="266"/>
      <line num="106" type="stmt" count="266"/>
      <line num="107" type="stmt" count="266"/>
      <line num="108" type="stmt" count="266"/>
      <line num="109" type="stmt" count="266"/>
      <line num="110" type="stmt" count="266"/>
      <line num="112" type="stmt" count="266"/>
      <line num="114" type="stmt" count="266"/>
      <line num="116" type="stmt" count="266"/>
      <line num="117" type="stmt" count="266"/>
      <line num="118" type="stmt" count="266"/>
      <line num="119" type="stmt" count="266"/>
      <line num="120" type="stmt" count="266"/>
      <line num="122" type="stmt" count="266"/>
      <line num="124" type="stmt" count="266"/>
      <line num="126" type="stmt" count="266"/>
      <line num="127" type="stmt" count="266"/>
      <line num="128" type="stmt" count="266"/>
      <line num="129" type="stmt" count="266"/>
      <line num="130" type="stmt" count="266"/>
      <line num="132" type="stmt" count="266"/>
      <line num="134" type="stmt" count="266"/>
      <line num="136" type="stmt" count="266"/>
      <line num="137" type="stmt" count="266"/>
      <line num="138" type="stmt" count="266"/>
      <line num="139" type="stmt" count="266"/>
      <line num="140" type="stmt" count="266"/>
      <line num="142" type="stmt" count="266"/>
      <line num="144" type="stmt" count="266"/>
      <line num="146" type="stmt" count="266"/>
      <line num="147" type="stmt" count="266"/>
      <line num="148" type="stmt" count="266"/>
      <line num="149" type="stmt" count="266"/>
      <line num="150" type="stmt" count="266"/>
      <line num="152" type="stmt" count="266"/>
      <line num="154" type="stmt" count="266"/>
      <line num="156" type="stmt" count="266"/>
      <line num="157" type="stmt" count="266"/>
      <line num="158" type="stmt" count="266"/>
      <line num="159" type="stmt" count="266"/>
      <line num="160" type="stmt" count="266"/>
      <line num="162" type="stmt" count="266"/>
      <line num="164" type="stmt" count="266"/>
      <line num="166" type="stmt" count="266"/>
      <line num="167" type="stmt" count="266"/>
      <line num="168" type="stmt" count="266"/>
      <line num="169" type="stmt" count="266"/>
      <line num="172" type="stmt" count="266"/>
      <line num="174" type="stmt" count="266"/>
      <line num="176" type="stmt" count="266"/>
      <line num="177" type="stmt" count="266"/>
      <line num="178" type="stmt" count="266"/>
      <line num="179" type="stmt" count="266"/>
      <line num="180" type="stmt" count="266"/>
      <line num="182" type="stmt" count="266"/>
      <line num="184" type="stmt" count="266"/>
      <line num="186" type="stmt" count="266"/>
      <line num="188" type="stmt" count="266"/>
      <line num="189" type="stmt" count="266"/>
      <line num="190" type="stmt" count="266"/>
      <line num="193" type="stmt" count="266"/>
      <line num="195" type="stmt" count="266"/>
      <line num="197" type="stmt" count="266"/>
      <line num="198" type="stmt" count="266"/>
      <line num="200" type="stmt" count="266"/>
      <line num="201" type="stmt" count="266"/>
      <line num="203" type="stmt" count="266"/>
      <line num="205" type="stmt" count="266"/>
      <line num="207" type="stmt" count="266"/>
      <line num="208" type="stmt" count="266"/>
      <line num="210" type="stmt" count="266"/>
      <line num="211" type="stmt" count="266"/>
      <line num="212" type="stmt" count="266"/>
      <line num="213" type="stmt" count="266"/>
      <line num="215" type="stmt" count="266"/>
      <line num="217" type="stmt" count="266"/>
      <line num="219" type="stmt" count="266"/>
      <line num="221" type="stmt" count="266"/>
      <line num="222" type="stmt" count="266"/>
      <line num="223" type="stmt" count="266"/>
      <line num="226" type="stmt" count="266"/>
      <line num="228" type="stmt" count="266"/>
      <line num="230" type="stmt" count="266"/>
      <line num="231" type="stmt" count="266"/>
      <line num="233" type="stmt" count="266"/>
      <line num="234" type="stmt" count="266"/>
      <line num="236" type="stmt" count="266"/>
      <line num="238" type="stmt" count="266"/>
      <line num="240" type="stmt" count="266"/>
      <line num="241" type="stmt" count="266"/>
      <line num="243" type="stmt" count="266"/>
      <line num="244" type="stmt" count="266"/>
      <line num="245" type="stmt" count="266"/>
      <line num="246" type="stmt" count="266"/>
      <line num="247" type="stmt" count="266"/>
      <line num="248" type="stmt" count="266"/>
      <line num="250" type="stmt" count="266"/>
      <line num="252" type="stmt" count="266"/>
      <line num="254" type="stmt" count="266"/>
      <line num="255" type="stmt" count="266"/>
      <line num="256" type="stmt" count="266"/>
      <line num="257" type="stmt" count="266"/>
      <line num="258" type="stmt" count="266"/>
      <line num="260" type="stmt" count="266"/>
      <line num="262" type="stmt" count="266"/>
      <line num="264" type="stmt" count="266"/>
      <line num="265" type="stmt" count="266"/>
      <line num="266" type="stmt" count="266"/>
      <line num="267" type="stmt" count="266"/>
      <line num="269" type="stmt" count="266"/>
      <line num="271" type="stmt" count="266"/>
      <line num="273" type="stmt" count="266"/>
      <line num="274" type="stmt" count="266"/>
      <line num="275" type="stmt" count="266"/>
      <line num="276" type="stmt" count="266"/>
      <line num="277" type="stmt" count="266"/>
      <line num="278" type="stmt" count="266"/>
      <line num="279" type="stmt" count="266"/>
      <line num="280" type="stmt" count="266"/>
      <line num="281" type="stmt" count="266"/>
      <line num="282" type="stmt" count="266"/>
      <line num="286" type="stmt" count="266"/>
      <line num="287" type="stmt" count="266"/>
      <line num="288" type="stmt" count="266"/>
      <line num="289" type="stmt" count="266"/>
      <line num="290" type="stmt" count="266"/>
      <line num="291" type="stmt" count="266"/>
      <line num="292" type="stmt" count="266"/>
      <line num="293" type="stmt" count="266"/>
      <line num="294" type="stmt" count="266"/>
      <line num="295" type="stmt" count="266"/>
      <line num="296" type="stmt" count="266"/>
      <line num="297" type="stmt" count="266"/>
      <line num="298" type="stmt" count="266"/>
      <line num="299" type="stmt" count="266"/>
      <line num="300" type="stmt" count="266"/>
      <line num="301" type="stmt" count="266"/>
      <line num="304" type="stmt" count="266"/>
      <line num="305" type="stmt" count="266"/>
      <line num="306" type="stmt" count="266"/>
      <line num="308" type="stmt" count="266"/>
      <line num="309" type="stmt" count="266"/>
      <line num="310" type="stmt" count="266"/>
      <line num="312" type="stmt" count="266"/>
      <line num="313" type="stmt" count="266"/>
      <line num="314" type="stmt" count="266"/>
      <line num="316" type="stmt" count="266"/>
      <line num="317" type="stmt" count="266"/>
      <line num="318" type="stmt" count="266"/>
      <line num="320" type="stmt" count="266"/>
      <line num="321" type="stmt" count="266"/>
      <line num="322" type="stmt" count="266"/>
      <line num="324" type="stmt" count="266"/>
      <line num="325" type="stmt" count="266"/>
      <line num="326" type="stmt" count="266"/>
      <line num="328" type="stmt" count="266"/>
      <line num="329" type="stmt" count="266"/>
      <line num="330" type="stmt" count="266"/>
      <line num="332" type="stmt" count="266"/>
      <line num="333" type="stmt" count="266"/>
      <line num="334" type="stmt" count="266"/>
      <line num="336" type="stmt" count="266"/>
      <line num="337" type="stmt" count="266"/>
      <line num="338" type="stmt" count="266"/>
      <line num="340" type="stmt" count="266"/>
      <line num="341" type="stmt" count="266"/>
      <line num="342" type="stmt" count="266"/>
      <line num="344" type="stmt" count="266"/>
      <line num="345" type="stmt" count="266"/>
      <line num="346" type="stmt" count="266"/>
      <line num="348" type="stmt" count="266"/>
      <line num="349" type="stmt" count="266"/>
      <line num="350" type="stmt" count="266"/>
      <line num="352" type="stmt" count="266"/>
      <line num="353" type="stmt" count="266"/>
      <line num="354" type="stmt" count="266"/>
      <line num="356" type="stmt" count="266"/>
      <line num="357" type="stmt" count="266"/>
      <line num="358" type="stmt" count="266"/>
      <line num="360" type="stmt" count="266"/>
      <line num="361" type="stmt" count="266"/>
      <line num="362" type="stmt" count="266"/>
      <line num="363" type="stmt" count="266"/>
      <line num="366" type="stmt" count="266"/>
      <line num="367" type="stmt" count="266"/>
      <line num="368" type="stmt" count="266"/>
      <line num="370" type="stmt" count="266"/>
      <line num="371" type="stmt" count="266"/>
      <line num="372" type="stmt" count="266"/>
      <line num="374" type="stmt" count="266"/>
      <line num="375" type="stmt" count="266"/>
      <line num="376" type="stmt" count="266"/>
      <line num="378" type="stmt" count="266"/>
      <line num="379" type="stmt" count="266"/>
      <line num="380" type="stmt" count="266"/>
      <line num="382" type="stmt" count="266"/>
      <line num="383" type="stmt" count="266"/>
      <line num="385" type="stmt" count="266"/>
      <line num="386" type="stmt" count="266"/>
      <line num="388" type="stmt" count="266"/>
      <line num="389" type="stmt" count="266"/>
      <line num="390" type="stmt" count="266"/>
      <line num="392" type="stmt" count="266"/>
      <line num="393" type="stmt" count="266"/>
      <line num="394" type="stmt" count="266"/>
      <line num="396" type="stmt" count="266"/>
      <line num="397" type="stmt" count="266"/>
      <line num="399" type="stmt" count="266"/>
      <line num="400" type="stmt" count="266"/>
      <line num="402" type="stmt" count="266"/>
      <line num="403" type="stmt" count="266"/>
      <line num="405" type="stmt" count="266"/>
      <line num="406" type="stmt" count="266"/>
      <line num="408" type="stmt" count="266"/>
      <line num="409" type="stmt" count="266"/>
      <line num="410" type="stmt" count="266"/>
      <line num="412" type="stmt" count="266"/>
      <line num="413" type="stmt" count="266"/>
      <line num="414" type="stmt" count="266"/>
      <line num="415" type="stmt" count="266"/>
      <line num="416" type="stmt" count="266"/>
      <line num="421" type="stmt" count="266"/>
      <line num="422" type="stmt" count="266"/>
      <line num="424" type="stmt" count="266"/>
      <line num="425" type="stmt" count="266"/>
      <line num="427" type="stmt" count="266"/>
      <line num="428" type="stmt" count="266"/>
      <line num="429" type="stmt" count="266"/>
      <line num="431" type="stmt" count="266"/>
      <line num="433" type="stmt" count="266"/>
      <line num="434" type="stmt" count="266"/>
      <line num="435" type="stmt" count="266"/>
      <line num="436" type="stmt" count="266"/>
      <line num="437" type="stmt" count="266"/>
      <line num="439" type="stmt" count="266"/>
      <line num="440" type="stmt" count="266"/>
      <line num="441" type="stmt" count="266"/>
      <line num="442" type="stmt" count="266"/>
      <line num="443" type="stmt" count="266"/>
      <line num="445" type="stmt" count="266"/>
      <line num="446" type="stmt" count="266"/>
      <line num="447" type="stmt" count="266"/>
      <line num="448" type="stmt" count="266"/>
      <line num="449" type="stmt" count="266"/>
      <line num="450" type="stmt" count="266"/>
      <line num="452" type="stmt" count="266"/>
      <line num="453" type="stmt" count="266"/>
      <line num="454" type="stmt" count="266"/>
      <line num="455" type="stmt" count="266"/>
      <line num="456" type="stmt" count="266"/>
      <line num="458" type="stmt" count="266"/>
      <line num="459" type="stmt" count="266"/>
      <line num="460" type="stmt" count="266"/>
      <line num="461" type="stmt" count="266"/>
      <line num="463" type="stmt" count="266"/>
      <line num="464" type="stmt" count="266"/>
      <line num="465" type="stmt" count="266"/>
      <line num="466" type="stmt" count="266"/>
      <line num="467" type="stmt" count="266"/>
      <line num="468" type="stmt" count="266"/>
      <line num="470" type="stmt" count="266"/>
      <line num="471" type="stmt" count="266"/>
      <line num="472" type="stmt" count="266"/>
      <line num="473" type="stmt" count="266"/>
      <line num="474" type="stmt" count="266"/>
      <line num="475" type="stmt" count="266"/>
      <line num="477" type="stmt" count="266"/>
      <line num="478" type="stmt" count="266"/>
      <line num="479" type="stmt" count="266"/>
      <line num="480" type="stmt" count="266"/>
      <line num="481" type="stmt" count="266"/>
      <line num="483" type="stmt" count="266"/>
      <line num="484" type="stmt" count="266"/>
      <line num="485" type="stmt" count="266"/>
      <line num="486" type="stmt" count="266"/>
      <line num="489" type="stmt" count="266"/>
      <line num="492" type="stmt" count="266"/>
      <line num="493" type="stmt" count="266"/>
      <line num="495" type="stmt" count="266"/>
      <line num="497" type="stmt" count="266"/>
      <line num="498" type="stmt" count="266"/>
      <line num="500" type="stmt" count="266"/>
      <line num="501" type="stmt" count="266"/>
      <line num="503" type="stmt" count="266"/>
      <line num="504" type="stmt" count="266"/>
      <line num="505" type="stmt" count="266"/>
      <line num="506" type="stmt" count="266"/>
      <line num="507" type="stmt" count="266"/>
      <line num="508" type="stmt" count="266"/>
      <line num="510" type="stmt" count="266"/>
      <line num="511" type="stmt" count="266"/>
      <line num="512" type="stmt" count="266"/>
      <line num="513" type="stmt" count="266"/>
      <line num="514" type="stmt" count="266"/>
      <line num="515" type="stmt" count="266"/>
      <line num="517" type="stmt" count="266"/>
      <line num="518" type="stmt" count="266"/>
      <line num="519" type="stmt" count="266"/>
      <line num="520" type="stmt" count="266"/>
      <line num="523" type="stmt" count="266"/>
      <line num="526" type="stmt" count="266"/>
      <line num="527" type="stmt" count="266"/>
      <line num="529" type="stmt" count="266"/>
      <line num="531" type="stmt" count="266"/>
      <line num="532" type="stmt" count="266"/>
      <line num="534" type="stmt" count="266"/>
      <line num="535" type="stmt" count="266"/>
      <line num="536" type="stmt" count="266"/>
      <line num="537" type="stmt" count="266"/>
      <line num="541" type="stmt" count="266"/>
      <line num="542" type="stmt" count="266"/>
      <line num="543" type="stmt" count="266"/>
      <line num="544" type="stmt" count="266"/>
      <line num="545" type="stmt" count="266"/>
      <line num="546" type="stmt" count="266"/>
      <line num="547" type="stmt" count="266"/>
      <line num="548" type="stmt" count="266"/>
      <line num="550" type="stmt" count="266"/>
      <line num="551" type="stmt" count="266"/>
      <line num="552" type="stmt" count="266"/>
      <line num="553" type="stmt" count="266"/>
      <line num="554" type="stmt" count="266"/>
      <line num="555" type="stmt" count="266"/>
      <line num="556" type="stmt" count="266"/>
      <line num="557" type="stmt" count="266"/>
      <line num="559" type="stmt" count="266"/>
      <line num="560" type="stmt" count="266"/>
      <line num="561" type="stmt" count="266"/>
      <line num="562" type="stmt" count="266"/>
      <line num="563" type="stmt" count="266"/>
      <line num="564" type="stmt" count="266"/>
      <line num="565" type="stmt" count="266"/>
      <line num="566" type="stmt" count="266"/>
      <line num="568" type="stmt" count="266"/>
      <line num="569" type="stmt" count="266"/>
      <line num="570" type="stmt" count="266"/>
      <line num="571" type="stmt" count="266"/>
      <line num="572" type="stmt" count="266"/>
      <line num="573" type="stmt" count="266"/>
      <line num="574" type="stmt" count="266"/>
      <line num="575" type="stmt" count="266"/>
      <line num="576" type="stmt" count="266"/>
      <line num="578" type="stmt" count="266"/>
      <line num="579" type="stmt" count="266"/>
      <line num="580" type="stmt" count="266"/>
      <line num="581" type="stmt" count="266"/>
      <line num="582" type="stmt" count="266"/>
      <line num="583" type="stmt" count="266"/>
      <line num="584" type="stmt" count="266"/>
      <line num="585" type="stmt" count="266"/>
      <line num="586" type="stmt" count="266"/>
      <line num="587" type="stmt" count="266"/>
      <line num="593" type="stmt" count="266"/>
      <line num="594" type="stmt" count="266"/>
      <line num="595" type="stmt" count="266"/>
      <line num="597" type="stmt" count="266"/>
      <line num="598" type="stmt" count="266"/>
      <line num="599" type="stmt" count="266"/>
      <line num="601" type="stmt" count="266"/>
      <line num="602" type="stmt" count="266"/>
      <line num="603" type="stmt" count="266"/>
      <line num="605" type="stmt" count="266"/>
      <line num="606" type="stmt" count="266"/>
      <line num="607" type="stmt" count="266"/>
      <line num="609" type="stmt" count="266"/>
      <line num="610" type="stmt" count="266"/>
      <line num="611" type="stmt" count="266"/>
      <line num="613" type="stmt" count="266"/>
      <line num="614" type="stmt" count="266"/>
      <line num="615" type="stmt" count="266"/>
      <line num="617" type="stmt" count="266"/>
      <line num="618" type="stmt" count="266"/>
      <line num="619" type="stmt" count="266"/>
      <line num="621" type="stmt" count="266"/>
      <line num="622" type="stmt" count="266"/>
      <line num="623" type="stmt" count="266"/>
      <line num="625" type="stmt" count="266"/>
      <line num="626" type="stmt" count="266"/>
      <line num="627" type="stmt" count="266"/>
      <line num="629" type="stmt" count="266"/>
      <line num="630" type="stmt" count="266"/>
      <line num="631" type="stmt" count="266"/>
      <line num="633" type="stmt" count="266"/>
      <line num="634" type="stmt" count="266"/>
      <line num="635" type="stmt" count="266"/>
      <line num="637" type="stmt" count="266"/>
      <line num="638" type="stmt" count="266"/>
      <line num="639" type="stmt" count="266"/>
      <line num="640" type="stmt" count="266"/>
      <line num="651" type="stmt" count="266"/>
      <line num="652" type="stmt" count="266"/>
      <line num="653" type="stmt" count="266"/>
      <line num="655" type="stmt" count="266"/>
      <line num="656" type="stmt" count="266"/>
      <line num="657" type="stmt" count="266"/>
      <line num="658" type="stmt" count="266"/>
      <line num="660" type="stmt" count="266"/>
      <line num="661" type="stmt" count="266"/>
      <line num="662" type="stmt" count="266"/>
      <line num="664" type="stmt" count="266"/>
      <line num="665" type="stmt" count="266"/>
      <line num="667" type="stmt" count="266"/>
      <line num="668" type="stmt" count="266"/>
      <line num="669" type="stmt" count="266"/>
      <line num="671" type="stmt" count="266"/>
      <line num="672" type="stmt" count="266"/>
      <line num="673" type="stmt" count="266"/>
      <line num="674" type="stmt" count="266"/>
      <line num="675" type="stmt" count="266"/>
      <line num="677" type="stmt" count="266"/>
      <line num="678" type="stmt" count="266"/>
      <line num="680" type="stmt" count="266"/>
      <line num="681" type="stmt" count="266"/>
      <line num="682" type="stmt" count="266"/>
      <line num="683" type="stmt" count="266"/>
      <line num="684" type="stmt" count="266"/>
      <line num="685" type="stmt" count="266"/>
      <line num="687" type="stmt" count="266"/>
      <line num="688" type="stmt" count="266"/>
      <line num="689" type="stmt" count="266"/>
      <line num="690" type="stmt" count="266"/>
      <line num="692" type="stmt" count="266"/>
      <line num="693" type="stmt" count="266"/>
      <line num="694" type="stmt" count="266"/>
      <line num="696" type="stmt" count="266"/>
      <line num="697" type="stmt" count="266"/>
      <line num="699" type="stmt" count="266"/>
      <line num="700" type="stmt" count="266"/>
      <line num="702" type="stmt" count="266"/>
      <line num="703" type="stmt" count="266"/>
      <line num="704" type="stmt" count="266"/>
      <line num="705" type="stmt" count="266"/>
      <line num="707" type="stmt" count="266"/>
      <line num="708" type="stmt" count="266"/>
      <line num="709" type="stmt" count="266"/>
      <line num="710" type="stmt" count="266"/>
      <line num="711" type="stmt" count="266"/>
      <line num="712" type="stmt" count="266"/>
      <line num="713" type="stmt" count="266"/>
      <line num="715" type="stmt" count="266"/>
      <line num="716" type="stmt" count="266"/>
      <line num="717" type="stmt" count="266"/>
      <line num="718" type="stmt" count="266"/>
      <line num="720" type="stmt" count="266"/>
      <line num="721" type="stmt" count="266"/>
      <line num="723" type="stmt" count="266"/>
      <line num="724" type="stmt" count="266"/>
      <line num="725" type="stmt" count="266"/>
      <line num="727" type="stmt" count="266"/>
      <line num="728" type="stmt" count="266"/>
      <line num="729" type="stmt" count="266"/>
      <line num="731" type="stmt" count="266"/>
      <line num="732" type="stmt" count="266"/>
      <line num="734" type="stmt" count="266"/>
      <line num="735" type="stmt" count="266"/>
      <line num="736" type="stmt" count="266"/>
      <line num="737" type="stmt" count="266"/>
      <line num="738" type="stmt" count="266"/>
      <line num="740" type="stmt" count="266"/>
      <line num="741" type="stmt" count="266"/>
      <line num="742" type="stmt" count="266"/>
      <line num="743" type="stmt" count="266"/>
      <line num="744" type="stmt" count="266"/>
      <line num="745" type="stmt" count="266"/>
      <line num="747" type="stmt" count="266"/>
      <line num="748" type="stmt" count="266"/>
      <line num="750" type="stmt" count="266"/>
      <line num="751" type="stmt" count="266"/>
      <line num="752" type="stmt" count="266"/>
      <line num="753" type="stmt" count="266"/>
      <line num="754" type="stmt" count="266"/>
      <line num="756" type="stmt" count="266"/>
      <line num="757" type="stmt" count="266"/>
      <line num="758" type="stmt" count="266"/>
      <line num="759" type="stmt" count="266"/>
      <line num="760" type="stmt" count="266"/>
      <line num="762" type="stmt" count="266"/>
      <line num="763" type="stmt" count="266"/>
      <line num="765" type="stmt" count="266"/>
      <line num="766" type="stmt" count="266"/>
      <line num="767" type="stmt" count="266"/>
      <line num="768" type="stmt" count="266"/>
      <line num="770" type="stmt" count="266"/>
      <line num="771" type="stmt" count="266"/>
      <line num="772" type="stmt" count="266"/>
      <line num="773" type="stmt" count="266"/>
      <line num="775" type="stmt" count="266"/>
      <line num="776" type="stmt" count="266"/>
      <line num="777" type="stmt" count="266"/>
      <line num="779" type="stmt" count="266"/>
      <line num="780" type="stmt" count="266"/>
      <line num="782" type="stmt" count="266"/>
      <line num="783" type="stmt" count="266"/>
      <line num="785" type="stmt" count="266"/>
      <line num="786" type="stmt" count="266"/>
      <line num="788" type="stmt" count="266"/>
      <line num="789" type="stmt" count="266"/>
      <line num="790" type="stmt" count="266"/>
      <line num="792" type="stmt" count="266"/>
      <line num="793" type="stmt" count="266"/>
      <line num="794" type="stmt" count="266"/>
      <line num="796" type="stmt" count="266"/>
      <line num="797" type="stmt" count="266"/>
      <line num="798" type="stmt" count="266"/>
      <line num="799" type="stmt" count="266"/>
      <line num="801" type="stmt" count="266"/>
      <line num="802" type="stmt" count="266"/>
      <line num="803" type="stmt" count="266"/>
      <line num="804" type="stmt" count="266"/>
      <line num="806" type="stmt" count="266"/>
      <line num="807" type="stmt" count="266"/>
      <line num="808" type="stmt" count="266"/>
      <line num="810" type="stmt" count="266"/>
      <line num="811" type="stmt" count="266"/>
      <line num="813" type="stmt" count="266"/>
      <line num="814" type="stmt" count="266"/>
      <line num="816" type="stmt" count="266"/>
      <line num="817" type="stmt" count="266"/>
      <line num="818" type="stmt" count="266"/>
      <line num="819" type="stmt" count="266"/>
      <line num="820" type="stmt" count="266"/>
      <line num="822" type="stmt" count="266"/>
      <line num="823" type="stmt" count="266"/>
      <line num="824" type="stmt" count="266"/>
      <line num="838" type="stmt" count="266"/>
      <line num="839" type="stmt" count="266"/>
      <line num="840" type="stmt" count="266"/>
      <line num="841" type="stmt" count="266"/>
      <line num="842" type="stmt" count="266"/>
      <line num="843" type="stmt" count="266"/>
      <line num="844" type="stmt" count="266"/>
      <line num="845" type="stmt" count="266"/>
      <line num="846" type="stmt" count="266"/>
      <line num="847" type="stmt" count="266"/>
      <line num="848" type="stmt" count="266"/>
      <line num="849" type="stmt" count="266"/>
      <line num="850" type="stmt" count="266"/>
      <line num="851" type="stmt" count="266"/>
      <line num="852" type="stmt" count="266"/>
      <line num="853" type="stmt" count="266"/>
      <line num="854" type="stmt" count="266"/>
      <line num="855" type="stmt" count="266"/>
      <line num="856" type="stmt" count="266"/>
      <line num="857" type="stmt" count="266"/>
      <line num="858" type="stmt" count="266"/>
      <line num="859" type="stmt" count="266"/>
      <line num="860" type="stmt" count="266"/>
      <line num="861" type="stmt" count="266"/>
      <line num="862" type="stmt" count="266"/>
      <line num="863" type="stmt" count="266"/>
      <line num="864" type="stmt" count="266"/>
      <line num="865" type="stmt" count="266"/>
      <line num="866" type="stmt" count="266"/>
      <line num="867" type="stmt" count="266"/>
      <line num="868" type="stmt" count="266"/>
      <line num="870" type="stmt" count="266"/>
      <line num="871" type="stmt" count="266"/>
      <line num="872" type="stmt" count="266"/>
      <line num="873" type="stmt" count="266"/>
      <line num="874" type="stmt" count="266"/>
      <line num="875" type="stmt" count="266"/>
      <line num="876" type="stmt" count="266"/>
      <line num="877" type="stmt" count="266"/>
      <line num="878" type="stmt" count="266"/>
      <line num="880" type="stmt" count="266"/>
      <line num="881" type="stmt" count="266"/>
      <line num="882" type="stmt" count="266"/>
      <line num="883" type="stmt" count="266"/>
      <line num="885" type="stmt" count="266"/>
      <line num="886" type="stmt" count="266"/>
      <line num="887" type="stmt" count="266"/>
      <line num="888" type="stmt" count="266"/>
      <line num="890" type="stmt" count="266"/>
      <line num="891" type="stmt" count="266"/>
      <line num="893" type="stmt" count="266"/>
      <line num="894" type="stmt" count="266"/>
      <line num="895" type="stmt" count="266"/>
      <line num="897" type="stmt" count="266"/>
      <line num="898" type="stmt" count="266"/>
      <line num="899" type="stmt" count="266"/>
      <line num="900" type="stmt" count="266"/>
      <line num="902" type="stmt" count="266"/>
      <line num="903" type="stmt" count="266"/>
      <line num="905" type="stmt" count="266"/>
      <line num="906" type="stmt" count="266"/>
      <line num="907" type="stmt" count="266"/>
      <line num="909" type="stmt" count="266"/>
      <line num="910" type="stmt" count="266"/>
      <line num="911" type="stmt" count="266"/>
      <line num="912" type="stmt" count="266"/>
      <line num="913" type="stmt" count="266"/>
      <line num="915" type="stmt" count="266"/>
      <line num="916" type="stmt" count="266"/>
      <line num="917" type="stmt" count="266"/>
      <line num="918" type="stmt" count="266"/>
      <line num="919" type="stmt" count="266"/>
      <line num="920" type="stmt" count="266"/>
      <line num="922" type="stmt" count="266"/>
      <line num="923" type="stmt" count="266"/>
      <line num="924" type="stmt" count="266"/>
      <line num="925" type="stmt" count="266"/>
      <line num="926" type="stmt" count="266"/>
      <line num="928" type="stmt" count="266"/>
      <line num="929" type="stmt" count="266"/>
      <line num="930" type="stmt" count="266"/>
      <line num="932" type="stmt" count="266"/>
      <line num="933" type="stmt" count="266"/>
      <line num="934" type="stmt" count="266"/>
      <line num="936" type="stmt" count="266"/>
      <line num="937" type="stmt" count="266"/>
      <line num="938" type="stmt" count="266"/>
      <line num="939" type="stmt" count="266"/>
      <line num="941" type="stmt" count="266"/>
      <line num="942" type="stmt" count="266"/>
      <line num="943" type="stmt" count="266"/>
      <line num="945" type="stmt" count="266"/>
      <line num="946" type="stmt" count="266"/>
      <line num="947" type="stmt" count="266"/>
      <line num="948" type="stmt" count="266"/>
      <line num="949" type="stmt" count="266"/>
      <line num="951" type="stmt" count="266"/>
      <line num="952" type="stmt" count="266"/>
      <line num="954" type="stmt" count="266"/>
      <line num="955" type="stmt" count="266"/>
      <line num="956" type="stmt" count="266"/>
      <line num="958" type="stmt" count="266"/>
      <line num="959" type="stmt" count="266"/>
      <line num="960" type="stmt" count="266"/>
      <line num="961" type="stmt" count="266"/>
      <line num="962" type="stmt" count="266"/>
      <line num="964" type="stmt" count="266"/>
      <line num="965" type="stmt" count="266"/>
      <line num="966" type="stmt" count="266"/>
      <line num="968" type="stmt" count="266"/>
      <line num="969" type="stmt" count="266"/>
      <line num="970" type="stmt" count="266"/>
      <line num="971" type="stmt" count="266"/>
      <line num="972" type="stmt" count="266"/>
      <line num="974" type="stmt" count="266"/>
      <line num="975" type="stmt" count="266"/>
      <line num="976" type="stmt" count="266"/>
      <line num="977" type="stmt" count="266"/>
      <line num="978" type="stmt" count="266"/>
      <line num="980" type="stmt" count="266"/>
      <line num="981" type="stmt" count="266"/>
      <line num="982" type="stmt" count="266"/>
      <line num="983" type="stmt" count="266"/>
      <line num="984" type="stmt" count="266"/>
      <line num="986" type="stmt" count="266"/>
      <line num="987" type="stmt" count="266"/>
      <line num="988" type="stmt" count="266"/>
      <line num="989" type="stmt" count="266"/>
      <line num="991" type="stmt" count="266"/>
      <line num="992" type="stmt" count="266"/>
      <line num="993" type="stmt" count="266"/>
      <line num="994" type="stmt" count="266"/>
      <line num="995" type="stmt" count="266"/>
      <line num="997" type="stmt" count="266"/>
      <line num="998" type="stmt" count="266"/>
      <line num="1000" type="stmt" count="266"/>
      <line num="1001" type="stmt" count="266"/>
      <line num="1002" type="stmt" count="266"/>
      <line num="1003" type="stmt" count="266"/>
      <line num="1005" type="stmt" count="266"/>
      <line num="1006" type="stmt" count="266"/>
      <line num="1007" type="stmt" count="266"/>
      <line num="1008" type="stmt" count="266"/>
      <line num="1009" type="stmt" count="266"/>
      <line num="1010" type="stmt" count="266"/>
      <line num="1011" type="stmt" count="266"/>
      <line num="1013" type="stmt" count="266"/>
      <line num="1014" type="stmt" count="266"/>
      <line num="1015" type="stmt" count="266"/>
      <line num="1017" type="stmt" count="266"/>
      <line num="1018" type="stmt" count="266"/>
      <line num="1019" type="stmt" count="266"/>
      <line num="1020" type="stmt" count="266"/>
      <line num="1022" type="stmt" count="266"/>
      <line num="1023" type="stmt" count="266"/>
      <line num="1024" type="stmt" count="266"/>
      <line num="1025" type="stmt" count="266"/>
      <line num="1027" type="stmt" count="266"/>
      <line num="1028" type="stmt" count="266"/>
      <line num="1029" type="stmt" count="266"/>
      <line num="1031" type="stmt" count="266"/>
      <line num="1032" type="stmt" count="266"/>
      <line num="1033" type="stmt" count="266"/>
      <line num="1034" type="stmt" count="266"/>
      <line num="1036" type="stmt" count="266"/>
      <line num="1037" type="stmt" count="266"/>
      <line num="1038" type="stmt" count="266"/>
      <line num="1040" type="stmt" count="266"/>
      <line num="1041" type="stmt" count="266"/>
      <line num="1042" type="stmt" count="266"/>
      <line num="1043" type="stmt" count="266"/>
      <line num="1044" type="stmt" count="266"/>
      <line num="1046" type="stmt" count="266"/>
      <line num="1047" type="stmt" count="266"/>
      <line num="1048" type="stmt" count="266"/>
      <line num="1050" type="stmt" count="266"/>
      <line num="1051" type="stmt" count="266"/>
      <line num="1053" type="stmt" count="266"/>
      <line num="1054" type="stmt" count="266"/>
      <line num="1055" type="stmt" count="266"/>
      <line num="1057" type="stmt" count="266"/>
      <line num="1058" type="stmt" count="266"/>
      <line num="1060" type="stmt" count="266"/>
      <line num="1061" type="stmt" count="266"/>
      <line num="1062" type="stmt" count="266"/>
      <line num="1063" type="stmt" count="266"/>
      <line num="1064" type="stmt" count="266"/>
      <line num="1065" type="stmt" count="266"/>
      <line num="1067" type="stmt" count="266"/>
      <line num="1068" type="stmt" count="266"/>
      <line num="1069" type="stmt" count="266"/>
      <line num="1071" type="stmt" count="266"/>
      <line num="1072" type="stmt" count="266"/>
      <line num="1073" type="stmt" count="266"/>
      <line num="1074" type="stmt" count="266"/>
      <line num="1076" type="stmt" count="266"/>
      <line num="1077" type="stmt" count="266"/>
      <line num="1078" type="stmt" count="266"/>
      <line num="1080" type="stmt" count="266"/>
      <line num="1081" type="stmt" count="266"/>
      <line num="1083" type="stmt" count="266"/>
      <line num="1084" type="stmt" count="266"/>
      <line num="1086" type="stmt" count="266"/>
      <line num="1087" type="stmt" count="266"/>
      <line num="1088" type="stmt" count="266"/>
      <line num="1089" type="stmt" count="266"/>
      <line num="1090" type="stmt" count="266"/>
      <line num="1091" type="stmt" count="266"/>
      <line num="1092" type="stmt" count="266"/>
      <line num="1094" type="stmt" count="266"/>
      <line num="1095" type="stmt" count="266"/>
      <line num="1097" type="stmt" count="266"/>
      <line num="1098" type="stmt" count="266"/>
      <line num="1100" type="stmt" count="266"/>
      <line num="1101" type="stmt" count="266"/>
      <line num="1102" type="stmt" count="266"/>
      <line num="1104" type="stmt" count="266"/>
      <line num="1105" type="stmt" count="266"/>
      <line num="1106" type="stmt" count="266"/>
      <line num="1107" type="stmt" count="266"/>
      <line num="1108" type="stmt" count="266"/>
      <line num="1113" type="stmt" count="266"/>
      <line num="1116" type="stmt" count="266"/>
      <line num="1118" type="stmt" count="266"/>
      <line num="1119" type="stmt" count="266"/>
      <line num="1120" type="stmt" count="266"/>
      <line num="1121" type="stmt" count="266"/>
      <line num="1122" type="stmt" count="266"/>
      <line num="1123" type="stmt" count="266"/>
      <line num="1124" type="stmt" count="266"/>
      <line num="1125" type="stmt" count="266"/>
      <line num="1129" type="stmt" count="266"/>
      <line num="1130" type="stmt" count="266"/>
      <line num="1131" type="stmt" count="266"/>
      <line num="1132" type="stmt" count="266"/>
      <metrics loc="1132" ncloc="1101" classes="0" methods="0" coveredmethods="0" conditionals="0" coveredconditionals="0" statements="818" coveredstatements="818" elements="818" coveredelements="818"/>
    </file>
    <package name="ZF\Apigility\Admin\Controller">
      <file name="/home/martin/Work/github/zf-apigility-skeleton/vendor/zfcampus/zf-apigility-admin/src/ZF/Apigility/Admin/Controller/InputFilterController.php">
        <class name="InputFilterController" namespace="ZF\Apigility\Admin\Controller">
          <metrics methods="6" coveredmethods="5" conditionals="0" coveredconditionals="0" statements="98" coveredstatements="68" elements="104" coveredelements="73"/>
        </class>
        <line num="0" type="stmt" count="2"/>
        <line num="24" type="method" name="__construct" crap="1" count="4"/>
        <line num="26" type="stmt" count="4"/>
        <line num="27" type="stmt" count="4"/>
        <line num="29" type="method" name="indexAction" crap="25.11" count="4"/>
        <line num="31" type="stmt" count="4"/>
        <line num="32" type="stmt" count="4"/>
        <line num="33" type="stmt" count="4"/>
        <line num="34" type="stmt" count="4"/>
        <line num="35" type="stmt" count="4"/>
        <line num="36" type="stmt" count="4"/>
        <line num="37" type="stmt" count="4"/>
        <line num="39" type="stmt" count="4"/>
        <line num="40" type="stmt" count="0"/>
        <line num="41" type="stmt" count="0"/>
        <line num="42" type="stmt" count="0"/>
        <line num="45" type="stmt" count="4"/>
        <line num="46" type="stmt" count="0"/>
        <line num="47" type="stmt" count="0"/>
        <line num="48" type="stmt" count="0"/>
        <line num="51" type="stmt" count="4"/>
        <line num="52" type="stmt" count="4"/>
        <line num="53" type="stmt" count="2"/>
        <line num="54" type="stmt" count="2"/>
        <line num="55" type="stmt" count="0"/>
        <line num="56" type="stmt" count="0"/>
        <line num="57" type="stmt" count="0"/>
        <line num="60" type="stmt" count="2"/>
        <line num="61" type="stmt" count="1"/>
        <line num="62" type="stmt" count="1"/>
        <line num="63" type="stmt" count="1"/>
        <line num="64" type="stmt" count="1"/>
        <line num="66" type="stmt" count="1"/>
        <line num="68" type="stmt" count="1"/>
        <line num="69" type="stmt" count="1"/>
        <line num="70" type="stmt" count="1"/>
        <line num="71" type="stmt" count="1"/>
        <line num="72" type="stmt" count="1"/>
        <line num="73" type="stmt" count="1"/>
        <line num="74" type="stmt" count="1"/>
        <line num="77" type="stmt" count="1"/>
        <line num="78" type="stmt" count="1"/>
        <line num="79" type="stmt" count="1"/>
        <line num="80" type="stmt" count="1"/>
        <line num="82" type="stmt" count="2"/>
        <line num="83" type="stmt" count="0"/>
        <line num="84" type="stmt" count="0"/>
        <line num="85" type="stmt" count="0"/>
        <line num="86" type="stmt" count="0"/>
        <line num="90" type="stmt" count="2"/>
        <line num="91" type="stmt" count="1"/>
        <line num="92" type="stmt" count="1"/>
        <line num="93" type="stmt" count="0"/>
        <line num="94" type="stmt" count="0"/>
        <line num="95" type="stmt" count="0"/>
        <line num="97" type="stmt" count="1"/>
        <line num="98" type="stmt" count="1"/>
        <line num="99" type="stmt" count="0"/>
        <line num="100" type="stmt" count="0"/>
        <line num="101" type="stmt" count="0"/>
        <line num="104" type="stmt" count="1"/>
        <line num="105" type="stmt" count="1"/>
        <line num="106" type="stmt" count="1"/>
        <line num="107" type="stmt" count="1"/>
        <line num="109" type="stmt" count="1"/>
        <line num="110" type="stmt" count="1"/>
        <line num="111" type="stmt" count="0"/>
        <line num="112" type="stmt" count="0"/>
        <line num="113" type="stmt" count="0"/>
        <line num="116" type="stmt" count="1"/>
        <line num="117" type="stmt" count="1"/>
        <line num="118" type="stmt" count="0"/>
        <line num="119" type="stmt" count="0"/>
        <line num="120" type="stmt" count="0"/>
        <line num="122" type="stmt" count="1"/>
        <line num="123" type="stmt" count="3"/>
        <line num="125" type="stmt" count="3"/>
        <line num="126" type="stmt" count="3"/>
        <line num="128" type="stmt" count="3"/>
        <line num="129" type="stmt" count="3"/>
        <line num="130" type="stmt" count="3"/>
        <line num="139" type="method" name="removeKey" crap="6" count="0"/>
        <line num="141" type="stmt" count="0"/>
        <line num="142" type="stmt" count="0"/>
        <line num="143" type="stmt" count="0"/>
        <line num="144" type="stmt" count="0"/>
        <line num="145" type="stmt" count="0"/>
        <line num="156" type="method" name="setRequest" crap="1" count="4"/>
        <line num="158" type="stmt" count="4"/>
        <line num="159" type="stmt" count="4"/>
        <line num="162" type="method" name="deriveRouteName" crap="1" count="4"/>
        <line num="164" type="stmt" count="4"/>
        <line num="165" type="stmt" count="4"/>
        <line num="166" type="stmt" count="4"/>
        <line num="169" type="method" name="injectResourceSelfLink" crap="1" count="2"/>
        <line num="171" type="stmt" count="2"/>
        <line num="172" type="stmt" count="2"/>
        <line num="174" type="stmt" count="2"/>
        <line num="176" type="stmt" count="2"/>
        <line num="177" type="stmt" count="2"/>
        <line num="178" type="stmt" count="2"/>
        <line num="179" type="stmt" count="2"/>
        <line num="180" type="stmt" count="2"/>
        <line num="181" type="stmt" count="2"/>
        <line num="182" type="stmt" count="2"/>
        <line num="184" type="stmt" count="1"/>
        <line num="398" type="stmt" count="1"/>
        <metrics loc="183" ncloc="163" classes="1" methods="6" coveredmethods="4" conditionals="0" coveredconditionals="0" statements="98" coveredstatements="68" elements="104" coveredelements="72"/>
      </file>
      <file name="/home/martin/Work/github/zf-apigility-skeleton/vendor/zfcampus/zf-apigility-admin/src/ZF/Apigility/Admin/Controller/ModuleCreationController.php">
        <class name="ModuleCreationController" namespace="ZF\Apigility\Admin\Controller">
          <metrics methods="3" coveredmethods="3" conditionals="0" coveredconditionals="0" statements="29" coveredstatements="27" elements="32" coveredelements="30"/>
        </class>
        <line num="23" type="method" name="__construct" crap="1" count="5"/>
        <line num="25" type="stmt" count="5"/>
        <line num="26" type="stmt" count="5"/>
        <line num="28" type="method" name="apiEnableAction" crap="4.01" count="5"/>
        <line num="30" type="stmt" count="5"/>
        <line num="32" type="stmt" count="5"/>
        <line num="34" type="stmt" count="5"/>
        <line num="35" type="stmt" count="1"/>
        <line num="36" type="stmt" count="1"/>
        <line num="37" type="stmt" count="0"/>
        <line num="40" type="stmt" count="1"/>
        <line num="42" type="stmt" count="1"/>
        <line num="43" type="stmt" count="0"/>
        <line num="46" type="stmt" count="1"/>
        <line num="47" type="stmt" count="1"/>
        <line num="48" type="stmt" count="1"/>
        <line num="49" type="stmt" count="1"/>
        <line num="51" type="stmt" count="1"/>
        <line num="52" type="stmt" count="1"/>
        <line num="53" type="stmt" count="1"/>
        <line num="54" type="stmt" count="1"/>
        <line num="55" type="stmt" count="1"/>
        <line num="56" type="stmt" count="1"/>
        <line num="57" type="stmt" count="1"/>
        <line num="59" type="stmt" count="4"/>
        <line num="60" type="stmt" count="4"/>
        <line num="61" type="stmt" count="4"/>
        <line num="62" type="stmt" count="4"/>
        <line num="63" type="stmt" count="4"/>
        <line num="74" type="method" name="setRequest" crap="1" count="5"/>
        <line num="76" type="stmt" count="5"/>
        <line num="77" type="stmt" count="5"/>
        <line num="80" type="stmt" count="1"/>
        <metrics loc="79" ncloc="67" classes="1" methods="3" coveredmethods="2" conditionals="0" coveredconditionals="0" statements="29" coveredstatements="27" elements="32" coveredelements="29"/>
      </file>
      <file name="/home/martin/Work/github/zf-apigility-skeleton/vendor/zfcampus/zf-apigility-admin/src/ZF/Apigility/Admin/Controller/SourceController.php">
        <class name="SourceController" namespace="ZF\Apigility\Admin\Controller">
          <metrics methods="4" coveredmethods="4" conditionals="0" coveredconditionals="0" statements="52" coveredstatements="40" elements="56" coveredelements="44"/>
        </class>
        <line num="24" type="method" name="__construct" crap="1" count="5"/>
        <line num="26" type="stmt" count="5"/>
        <line num="27" type="stmt" count="5"/>
        <line num="29" type="method" name="sourceAction" crap="7.23" count="5"/>
        <line num="31" type="stmt" count="5"/>
        <line num="33" type="stmt" count="5"/>
        <line num="35" type="stmt" count="5"/>
        <line num="36" type="stmt" count="1"/>
        <line num="37" type="stmt" count="1"/>
        <line num="38" type="stmt" count="0"/>
        <line num="39" type="stmt" count="0"/>
        <line num="40" type="stmt" count="0"/>
        <line num="42" type="stmt" count="1"/>
        <line num="43" type="stmt" count="1"/>
        <line num="44" type="stmt" count="0"/>
        <line num="45" type="stmt" count="0"/>
        <line num="46" type="stmt" count="0"/>
        <line num="49" type="stmt" count="1"/>
        <line num="50" type="stmt" count="1"/>
        <line num="51" type="stmt" count="0"/>
        <line num="52" type="stmt" count="0"/>
        <line num="53" type="stmt" count="0"/>
        <line num="55" type="stmt" count="1"/>
        <line num="56" type="stmt" count="0"/>
        <line num="57" type="stmt" count="0"/>
        <line num="58" type="stmt" count="0"/>
        <line num="61" type="stmt" count="1"/>
        <line num="62" type="stmt" count="1"/>
        <line num="65" type="stmt" count="1"/>
        <line num="66" type="stmt" count="1"/>
        <line num="67" type="stmt" count="1"/>
        <line num="68" type="stmt" count="1"/>
        <line num="69" type="stmt" count="1"/>
        <line num="71" type="stmt" count="1"/>
        <line num="72" type="stmt" count="1"/>
        <line num="73" type="stmt" count="1"/>
        <line num="75" type="stmt" count="4"/>
        <line num="76" type="stmt" count="4"/>
        <line num="77" type="stmt" count="4"/>
        <line num="78" type="stmt" count="4"/>
        <line num="79" type="stmt" count="4"/>
        <line num="88" type="method" name="highlight_file_with_num" crap="2" count="1"/>
        <line num="90" type="stmt" count="1"/>
        <line num="91" type="stmt" count="1"/>
        <line num="92" type="stmt" count="1"/>
        <line num="93" type="stmt" count="1"/>
        <line num="94" type="stmt" count="1"/>
        <line num="95" type="stmt" count="1"/>
        <line num="96" type="stmt" count="1"/>
        <line num="97" type="stmt" count="1"/>
        <line num="98" type="stmt" count="1"/>
        <line num="99" type="stmt" count="1"/>
        <line num="100" type="stmt" count="1"/>
        <line num="111" type="method" name="setRequest" crap="1" count="5"/>
        <line num="113" type="stmt" count="5"/>
        <line num="114" type="stmt" count="5"/>
        <line num="117" type="stmt" count="1"/>
        <metrics loc="116" ncloc="98" classes="1" methods="4" coveredmethods="3" conditionals="0" coveredconditionals="0" statements="52" coveredstatements="40" elements="56" coveredelements="43"/>
      </file>
    </package>
    <file name="/home/martin/Work/github/zf-apigility-skeleton/vendor/zfcampus/zf-apigility-admin/src/ZF/Apigility/Admin/Exception/ExceptionInterface.php">
      <line num="12" type="stmt" count="1"/>
      <metrics loc="11" ncloc="7" classes="0" methods="0" coveredmethods="0" conditionals="0" coveredconditionals="0" statements="0" coveredstatements="0" elements="0" coveredelements="0"/>
    </file>
    <package name="ZF\Apigility\Admin\Exception">
      <file name="/home/martin/Work/github/zf-apigility-skeleton/vendor/zfcampus/zf-apigility-admin/src/ZF/Apigility/Admin/Exception/InvalidArgumentException.php">
        <class name="InvalidArgumentException" namespace="ZF\Apigility\Admin\Exception">
          <metrics methods="0" coveredmethods="0" conditionals="0" coveredconditionals="0" statements="0" coveredstatements="0" elements="0" coveredelements="0"/>
        </class>
        <line num="12" type="stmt" count="1"/>
        <metrics loc="11" ncloc="7" classes="1" methods="0" coveredmethods="0" conditionals="0" coveredconditionals="0" statements="0" coveredstatements="0" elements="0" coveredelements="0"/>
      </file>
      <file name="/home/martin/Work/github/zf-apigility-skeleton/vendor/zfcampus/zf-apigility-admin/src/ZF/Apigility/Admin/Exception/RuntimeException.php">
        <class name="RuntimeException" namespace="ZF\Apigility\Admin\Exception">
          <metrics methods="0" coveredmethods="0" conditionals="0" coveredconditionals="0" statements="0" coveredstatements="0" elements="0" coveredelements="0"/>
        </class>
        <line num="12" type="stmt" count="1"/>
        <metrics loc="11" ncloc="7" classes="1" methods="0" coveredmethods="0" conditionals="0" coveredconditionals="0" statements="0" coveredstatements="0" elements="0" coveredelements="0"/>
      </file>
    </package>
    <package name="ZF\Apigility\Admin\Model">
      <file name="/home/martin/Work/github/zf-apigility-skeleton/vendor/zfcampus/zf-apigility-admin/src/ZF/Apigility/Admin/Model/AbstractPluginManagerModel.php">
        <class name="AbstractPluginManagerModel" namespace="ZF\Apigility\Admin\Model">
          <metrics methods="3" coveredmethods="3" conditionals="0" coveredconditionals="0" statements="15" coveredstatements="14" elements="18" coveredelements="17"/>
        </class>
        <line num="29" type="method" name="__construct" crap="1" count="5"/>
        <line num="31" type="stmt" count="5"/>
        <line num="32" type="stmt" count="5"/>
        <line num="37" type="method" name="fetchAll" crap="1" count="5"/>
        <line num="39" type="stmt" count="5"/>
        <line num="47" type="method" name="getPlugins" crap="3.01" count="5"/>
        <line num="49" type="stmt" count="5"/>
        <line num="50" type="stmt" count="0"/>
        <line num="54" type="stmt" count="5"/>
        <line num="55" type="stmt" count="5"/>
        <line num="56" type="stmt" count="5"/>
        <line num="58" type="stmt" count="5"/>
        <line num="59" type="stmt" count="5"/>
        <line num="61" type="stmt" count="5"/>
        <line num="62" type="stmt" count="5"/>
        <line num="63" type="stmt" count="5"/>
        <line num="65" type="stmt" count="5"/>
        <line num="66" type="stmt" count="5"/>
        <line num="69" type="stmt" count="1"/>
        <metrics loc="68" ncloc="42" classes="1" methods="3" coveredmethods="2" conditionals="0" coveredconditionals="0" statements="15" coveredstatements="14" elements="18" coveredelements="16"/>
      </file>
      <file name="/home/martin/Work/github/zf-apigility-skeleton/vendor/zfcampus/zf-apigility-admin/src/ZF/Apigility/Admin/Model/AuthenticationEntity.php">
        <class name="AuthenticationEntity" namespace="ZF\Apigility\Admin\Model">
          <metrics methods="6" coveredmethods="6" conditionals="0" coveredconditionals="0" statements="79" coveredstatements="77" elements="85" coveredelements="83"/>
        </class>
        <line num="86" type="method" name="__construct" crap="4" count="19"/>
        <line num="88" type="stmt" count="19"/>
        <line num="91" type="stmt" count="19"/>
        <line num="92" type="stmt" count="19"/>
        <line num="93" type="stmt" count="6"/>
        <line num="94" type="stmt" count="6"/>
        <line num="95" type="stmt" count="13"/>
        <line num="96" type="stmt" count="13"/>
        <line num="98" type="stmt" count="19"/>
        <line num="100" type="method" name="getArrayCopy" crap="4.01" count="11"/>
        <line num="102" type="stmt" count="11"/>
        <line num="103" type="stmt" count="11"/>
        <line num="105" type="stmt" count="5"/>
        <line num="106" type="stmt" count="5"/>
        <line num="107" type="stmt" count="5"/>
        <line num="108" type="stmt" count="5"/>
        <line num="109" type="stmt" count="5"/>
        <line num="110" type="stmt" count="6"/>
        <line num="112" type="stmt" count="1"/>
        <line num="113" type="stmt" count="1"/>
        <line num="114" type="stmt" count="1"/>
        <line num="115" type="stmt" count="1"/>
        <line num="116" type="stmt" count="1"/>
        <line num="117" type="stmt" count="1"/>
        <line num="118" type="stmt" count="1"/>
        <line num="119" type="stmt" count="5"/>
        <line num="121" type="stmt" count="5"/>
        <line num="122" type="stmt" count="5"/>
        <line num="123" type="stmt" count="5"/>
        <line num="124" type="stmt" count="5"/>
        <line num="125" type="stmt" count="5"/>
        <line num="126" type="stmt" count="5"/>
        <line num="127" type="stmt" count="0"/>
        <line num="128" type="stmt" count="0"/>
        <line num="130" type="method" name="exchangeArray" crap="15" count="19"/>
        <line num="132" type="stmt" count="19"/>
        <line num="133" type="stmt" count="19"/>
        <line num="134" type="stmt" count="9"/>
        <line num="135" type="stmt" count="9"/>
        <line num="136" type="stmt" count="10"/>
        <line num="137" type="stmt" count="3"/>
        <line num="138" type="stmt" count="3"/>
        <line num="139" type="stmt" count="7"/>
        <line num="140" type="stmt" count="7"/>
        <line num="141" type="stmt" count="7"/>
        <line num="142" type="stmt" count="19"/>
        <line num="144" type="stmt" count="19"/>
        <line num="145" type="stmt" count="14"/>
        <line num="146" type="stmt" count="14"/>
        <line num="147" type="stmt" count="8"/>
        <line num="150" type="stmt" count="14"/>
        <line num="151" type="stmt" count="6"/>
        <line num="152" type="stmt" count="6"/>
        <line num="153" type="stmt" count="14"/>
        <line num="154" type="stmt" count="2"/>
        <line num="155" type="stmt" count="2"/>
        <line num="156" type="stmt" count="14"/>
        <line num="157" type="stmt" count="6"/>
        <line num="158" type="stmt" count="6"/>
        <line num="159" type="stmt" count="12"/>
        <line num="160" type="stmt" count="2"/>
        <line num="161" type="stmt" count="2"/>
        <line num="162" type="stmt" count="12"/>
        <line num="163" type="stmt" count="2"/>
        <line num="164" type="stmt" count="2"/>
        <line num="165" type="stmt" count="10"/>
        <line num="166" type="stmt" count="6"/>
        <line num="167" type="stmt" count="6"/>
        <line num="168" type="stmt" count="10"/>
        <line num="169" type="stmt" count="4"/>
        <line num="170" type="stmt" count="4"/>
        <line num="171" type="stmt" count="6"/>
        <line num="172" type="stmt" count="6"/>
        <line num="173" type="stmt" count="6"/>
        <line num="174" type="stmt" count="6"/>
        <line num="175" type="stmt" count="6"/>
        <line num="176" type="stmt" count="6"/>
        <line num="178" type="stmt" count="19"/>
        <line num="179" type="stmt" count="19"/>
        <line num="181" type="method" name="isBasic" crap="1" count="9"/>
        <line num="183" type="stmt" count="9"/>
        <line num="186" type="method" name="isDigest" crap="1" count="6"/>
        <line num="188" type="stmt" count="6"/>
        <line num="191" type="method" name="isOAuth2" crap="1" count="10"/>
        <line num="193" type="stmt" count="10"/>
        <line num="196" type="stmt" count="1"/>
        <metrics loc="195" ncloc="141" classes="1" methods="6" coveredmethods="5" conditionals="0" coveredconditionals="0" statements="79" coveredstatements="77" elements="85" coveredelements="82"/>
      </file>
      <file name="/home/martin/Work/github/zf-apigility-skeleton/vendor/zfcampus/zf-apigility-admin/src/ZF/Apigility/Admin/Model/AuthenticationModel.php">
        <class name="AuthenticationModel" namespace="ZF\Apigility\Admin\Model">
          <metrics methods="13" coveredmethods="13" conditionals="0" coveredconditionals="0" statements="131" coveredstatements="119" elements="144" coveredelements="132"/>
        </class>
        <line num="0" type="stmt" count="1"/>
        <line num="32" type="method" name="__construct" crap="1" count="8"/>
        <line num="34" type="stmt" count="8"/>
        <line num="35" type="stmt" count="8"/>
        <line num="36" type="stmt" count="8"/>
        <line num="44" type="method" name="create" crap="6.03" count="7"/>
        <line num="46" type="stmt" count="7"/>
        <line num="47" type="stmt" count="0"/>
        <line num="50" type="stmt" count="7"/>
        <line num="52" type="stmt" count="7"/>
        <line num="53" type="stmt" count="4"/>
        <line num="54" type="stmt" count="4"/>
        <line num="55" type="stmt" count="3"/>
        <line num="57" type="stmt" count="6"/>
        <line num="58" type="stmt" count="6"/>
        <line num="59" type="stmt" count="6"/>
        <line num="60" type="stmt" count="6"/>
        <line num="61" type="stmt" count="6"/>
        <line num="62" type="stmt" count="6"/>
        <line num="63" type="stmt" count="6"/>
        <line num="64" type="stmt" count="3"/>
        <line num="65" type="stmt" count="3"/>
        <line num="66" type="stmt" count="3"/>
        <line num="67" type="stmt" count="3"/>
        <line num="68" type="stmt" count="3"/>
        <line num="69" type="stmt" count="0"/>
        <line num="71" type="stmt" count="6"/>
        <line num="80" type="method" name="update" crap="6.73" count="2"/>
        <line num="82" type="stmt" count="2"/>
        <line num="83" type="stmt" count="2"/>
        <line num="84" type="stmt" count="0"/>
        <line num="87" type="stmt" count="2"/>
        <line num="89" type="stmt" count="2"/>
        <line num="90" type="stmt" count="1"/>
        <line num="91" type="stmt" count="1"/>
        <line num="92" type="stmt" count="0"/>
        <line num="94" type="stmt" count="1"/>
        <line num="95" type="stmt" count="1"/>
        <line num="96" type="stmt" count="1"/>
        <line num="97" type="stmt" count="1"/>
        <line num="98" type="stmt" count="1"/>
        <line num="99" type="stmt" count="1"/>
        <line num="100" type="stmt" count="1"/>
        <line num="101" type="stmt" count="1"/>
        <line num="102" type="stmt" count="1"/>
        <line num="103" type="stmt" count="0"/>
        <line num="104" type="stmt" count="0"/>
        <line num="105" type="stmt" count="0"/>
        <line num="106" type="stmt" count="0"/>
        <line num="108" type="stmt" count="1"/>
        <line num="116" type="method" name="remove" crap="2" count="2"/>
        <line num="119" type="stmt" count="2"/>
        <line num="120" type="stmt" count="2"/>
        <line num="121" type="stmt" count="2"/>
        <line num="122" type="stmt" count="2"/>
        <line num="123" type="stmt" count="2"/>
        <line num="124" type="stmt" count="2"/>
        <line num="125" type="stmt" count="2"/>
        <line num="126" type="stmt" count="2"/>
        <line num="127" type="stmt" count="2"/>
        <line num="128" type="stmt" count="2"/>
        <line num="136" type="method" name="fetch" crap="3" count="8"/>
        <line num="138" type="stmt" count="8"/>
        <line num="139" type="stmt" count="8"/>
        <line num="140" type="stmt" count="2"/>
        <line num="141" type="stmt" count="2"/>
        <line num="142" type="stmt" count="7"/>
        <line num="145" type="stmt" count="8"/>
        <line num="146" type="stmt" count="7"/>
        <line num="149" type="stmt" count="3"/>
        <line num="158" type="method" name="createAuthenticationEntityFromConfig" crap="4.18" count="8"/>
        <line num="160" type="stmt" count="8"/>
        <line num="161" type="stmt" count="8"/>
        <line num="162" type="stmt" count="4"/>
        <line num="163" type="stmt" count="4"/>
        <line num="164" type="stmt" count="4"/>
        <line num="165" type="stmt" count="4"/>
        <line num="166" type="stmt" count="4"/>
        <line num="167" type="stmt" count="0"/>
        <line num="168" type="stmt" count="0"/>
        <line num="178" type="method" name="removeSensitiveConfig" crap="7" count="6"/>
        <line num="180" type="stmt" count="6"/>
        <line num="182" type="stmt" count="6"/>
        <line num="183" type="stmt" count="6"/>
        <line num="184" type="stmt" count="6"/>
        <line num="185" type="stmt" count="6"/>
        <line num="186" type="stmt" count="6"/>
        <line num="187" type="stmt" count="6"/>
        <line num="188" type="stmt" count="6"/>
        <line num="190" type="stmt" count="6"/>
        <line num="191" type="stmt" count="6"/>
        <line num="203" type="method" name="arrayDiffRecursive" crap="5.20" count="6"/>
        <line num="205" type="stmt" count="6"/>
        <line num="206" type="stmt" count="3"/>
        <line num="208" type="stmt" count="6"/>
        <line num="209" type="stmt" count="6"/>
        <line num="211" type="stmt" count="0"/>
        <line num="220" type="method" name="fetchHttpAuthConfiguration" crap="5.01" count="2"/>
        <line num="222" type="stmt" count="2"/>
        <line num="223" type="stmt" count="2"/>
        <line num="224" type="stmt" count="2"/>
        <line num="225" type="stmt" count="0"/>
        <line num="228" type="stmt" count="2"/>
        <line num="230" type="stmt" count="2"/>
        <line num="231" type="stmt" count="2"/>
        <line num="232" type="stmt" count="2"/>
        <line num="233" type="stmt" count="2"/>
        <line num="234" type="stmt" count="2"/>
        <line num="235" type="stmt" count="2"/>
        <line num="237" type="stmt" count="2"/>
        <line num="246" type="method" name="fetchOAuth2Configuration" crap="4" count="7"/>
        <line num="249" type="stmt" count="7"/>
        <line num="250" type="stmt" count="7"/>
        <line num="251" type="stmt" count="7"/>
        <line num="252" type="stmt" count="1"/>
        <line num="253" type="stmt" count="1"/>
        <line num="255" type="stmt" count="7"/>
        <line num="256" type="stmt" count="7"/>
        <line num="257" type="stmt" count="7"/>
        <line num="258" type="stmt" count="7"/>
        <line num="259" type="stmt" count="7"/>
        <line num="262" type="stmt" count="1"/>
        <line num="264" type="stmt" count="1"/>
        <line num="274" type="method" name="patchHttpAuthConfig" crap="1" count="3"/>
        <line num="276" type="stmt" count="3"/>
        <line num="277" type="stmt" count="3"/>
        <line num="278" type="stmt" count="3"/>
        <line num="279" type="stmt" count="3"/>
        <line num="289" type="method" name="patchOAuth2Config" crap="3" count="3"/>
        <line num="291" type="stmt" count="3"/>
        <line num="292" type="stmt" count="3"/>
        <line num="293" type="stmt" count="3"/>
        <line num="296" type="stmt" count="3"/>
        <line num="297" type="stmt" count="3"/>
        <line num="298" type="stmt" count="3"/>
        <line num="300" type="stmt" count="3"/>
        <line num="301" type="stmt" count="3"/>
        <line num="302" type="stmt" count="3"/>
        <line num="312" type="method" name="validateDsn" crap="2" count="4"/>
        <line num="315" type="stmt" count="4"/>
        <line num="316" type="stmt" count="4"/>
        <line num="317" type="stmt" count="2"/>
        <line num="318" type="stmt" count="2"/>
        <line num="319" type="stmt" count="2"/>
        <line num="321" type="stmt" count="3"/>
        <line num="323" type="stmt" count="1"/>
        <metrics loc="322" ncloc="228" classes="1" methods="13" coveredmethods="8" conditionals="0" coveredconditionals="0" statements="131" coveredstatements="119" elements="144" coveredelements="127"/>
      </file>
      <file name="/home/martin/Work/github/zf-apigility-skeleton/vendor/zfcampus/zf-apigility-admin/src/ZF/Apigility/Admin/Model/AuthorizationEntity.php">
        <class name="AuthorizationEntity" namespace="ZF\Apigility\Admin\Model">
          <metrics methods="10" coveredmethods="9" conditionals="0" coveredconditionals="0" statements="41" coveredstatements="24" elements="51" coveredelements="33"/>
        </class>
        <line num="36" type="method" name="__construct" crap="2" count="14"/>
        <line num="38" type="stmt" count="14"/>
        <line num="39" type="stmt" count="5"/>
        <line num="40" type="stmt" count="14"/>
        <line num="41" type="stmt" count="14"/>
        <line num="43" type="method" name="count" crap="1" count="4"/>
        <line num="45" type="stmt" count="4"/>
        <line num="48" type="method" name="getIterator" crap="1" count="6"/>
        <line num="50" type="stmt" count="6"/>
        <line num="53" type="method" name="getArrayCopy" crap="1" count="2"/>
        <line num="55" type="stmt" count="2"/>
        <line num="58" type="method" name="exchangeArray" crap="6" count="0"/>
        <line num="60" type="stmt" count="0"/>
        <line num="61" type="stmt" count="0"/>
        <line num="62" type="stmt" count="0"/>
        <line num="63" type="stmt" count="0"/>
        <line num="65" type="method" name="addRestService" crap="3.19" count="5"/>
        <line num="67" type="stmt" count="5"/>
        <line num="68" type="stmt" count="0"/>
        <line num="69" type="stmt" count="0"/>
        <line num="70" type="stmt" count="0"/>
        <line num="71" type="stmt" count="0"/>
        <line num="72" type="stmt" count="0"/>
        <line num="74" type="stmt" count="0"/>
        <line num="76" type="stmt" count="5"/>
        <line num="77" type="stmt" count="5"/>
        <line num="80" type="method" name="addRpcService" crap="2" count="8"/>
        <line num="82" type="stmt" count="8"/>
        <line num="83" type="stmt" count="5"/>
        <line num="84" type="stmt" count="5"/>
        <line num="86" type="stmt" count="8"/>
        <line num="87" type="stmt" count="8"/>
        <line num="88" type="stmt" count="8"/>
        <line num="91" type="method" name="has" crap="1" count="4"/>
        <line num="93" type="stmt" count="4"/>
        <line num="96" type="method" name="get" crap="2.86" count="3"/>
        <line num="98" type="stmt" count="3"/>
        <line num="99" type="stmt" count="0"/>
        <line num="100" type="stmt" count="0"/>
        <line num="102" type="stmt" count="0"/>
        <line num="104" type="stmt" count="3"/>
        <line num="107" type="method" name="filterPrivileges" crap="5.40" count="13"/>
        <line num="109" type="stmt" count="13"/>
        <line num="110" type="stmt" count="13"/>
        <line num="111" type="stmt" count="0"/>
        <line num="112" type="stmt" count="0"/>
        <line num="114" type="stmt" count="13"/>
        <line num="115" type="stmt" count="0"/>
        <line num="116" type="stmt" count="0"/>
        <line num="118" type="stmt" count="13"/>
        <line num="119" type="stmt" count="13"/>
        <line num="122" type="stmt" count="1"/>
        <metrics loc="121" ncloc="117" classes="1" methods="10" coveredmethods="6" conditionals="0" coveredconditionals="0" statements="41" coveredstatements="24" elements="51" coveredelements="30"/>
      </file>
      <file name="/home/martin/Work/github/zf-apigility-skeleton/vendor/zfcampus/zf-apigility-admin/src/ZF/Apigility/Admin/Model/AuthorizationModel.php">
        <class name="AuthorizationModel" namespace="ZF\Apigility\Admin\Model">
          <metrics methods="13" coveredmethods="13" conditionals="0" coveredconditionals="0" statements="129" coveredstatements="120" elements="142" coveredelements="133"/>
        </class>
        <line num="45" type="method" name="__construct" crap="1" count="6"/>
        <line num="47" type="stmt" count="6"/>
        <line num="48" type="stmt" count="6"/>
        <line num="49" type="stmt" count="6"/>
        <line num="50" type="stmt" count="6"/>
        <line num="51" type="stmt" count="6"/>
        <line num="52" type="stmt" count="6"/>
        <line num="60" type="method" name="fetch" crap="2" count="6"/>
        <line num="62" type="stmt" count="6"/>
        <line num="63" type="stmt" count="6"/>
        <line num="65" type="stmt" count="4"/>
        <line num="68" type="stmt" count="2"/>
        <line num="71" type="stmt" count="2"/>
        <line num="74" type="stmt" count="2"/>
        <line num="75" type="stmt" count="2"/>
        <line num="79" type="stmt" count="2"/>
        <line num="81" type="stmt" count="2"/>
        <line num="91" type="method" name="update" crap="1" count="1"/>
        <line num="95" type="stmt" count="1"/>
        <line num="96" type="stmt" count="1"/>
        <line num="97" type="stmt" count="1"/>
        <line num="99" type="stmt" count="1"/>
        <line num="100" type="stmt" count="1"/>
        <line num="110" type="method" name="createDefaultPrivileges" crap="5" count="4"/>
        <line num="112" type="stmt" count="4"/>
        <line num="114" type="stmt" count="4"/>
        <line num="115" type="stmt" count="4"/>
        <line num="116" type="stmt" count="4"/>
        <line num="117" type="stmt" count="3"/>
        <line num="118" type="stmt" count="3"/>
        <line num="120" type="stmt" count="4"/>
        <line num="121" type="stmt" count="4"/>
        <line num="122" type="stmt" count="4"/>
        <line num="123" type="stmt" count="3"/>
        <line num="124" type="stmt" count="3"/>
        <line num="126" type="stmt" count="4"/>
        <line num="136" type="method" name="createDefaultPrivilegesForRestServices" crap="3" count="5"/>
        <line num="138" type="stmt" count="5"/>
        <line num="139" type="stmt" count="3"/>
        <line num="140" type="stmt" count="2"/>
        <line num="142" type="stmt" count="3"/>
        <line num="143" type="stmt" count="3"/>
        <line num="144" type="stmt" count="5"/>
        <line num="145" type="stmt" count="5"/>
        <line num="155" type="method" name="createDefaultPrivilegesForRpcServices" crap="3" count="5"/>
        <line num="157" type="stmt" count="5"/>
        <line num="158" type="stmt" count="3"/>
        <line num="159" type="stmt" count="2"/>
        <line num="161" type="stmt" count="3"/>
        <line num="162" type="stmt" count="3"/>
        <line num="163" type="stmt" count="5"/>
        <line num="164" type="stmt" count="5"/>
        <line num="180" type="method" name="discoverActionForRpcService" crap="8.04" count="3"/>
        <line num="182" type="stmt" count="3"/>
        <line num="183" type="stmt" count="1"/>
        <line num="186" type="stmt" count="3"/>
        <line num="188" type="stmt" count="3"/>
        <line num="189" type="stmt" count="3"/>
        <line num="190" type="stmt" count="3"/>
        <line num="191" type="stmt" count="3"/>
        <line num="192" type="stmt" count="3"/>
        <line num="193" type="stmt" count="3"/>
        <line num="194" type="stmt" count="3"/>
        <line num="195" type="stmt" count="0"/>
        <line num="198" type="stmt" count="3"/>
        <line num="208" type="method" name="filterServicesByVersion" crap="3.33" count="2"/>
        <line num="210" type="stmt" count="2"/>
        <line num="211" type="stmt" count="2"/>
        <line num="212" type="stmt" count="0"/>
        <line num="213" type="stmt" count="0"/>
        <line num="214" type="stmt" count="2"/>
        <line num="215" type="stmt" count="2"/>
        <line num="224" type="method" name="remapServiceNamesForPayload" crap="6" count="2"/>
        <line num="226" type="stmt" count="2"/>
        <line num="227" type="stmt" count="2"/>
        <line num="228" type="stmt" count="2"/>
        <line num="229" type="stmt" count="2"/>
        <line num="230" type="stmt" count="2"/>
        <line num="231" type="stmt" count="2"/>
        <line num="232" type="stmt" count="2"/>
        <line num="233" type="stmt" count="2"/>
        <line num="234" type="stmt" count="2"/>
        <line num="235" type="stmt" count="2"/>
        <line num="236" type="stmt" count="2"/>
        <line num="237" type="stmt" count="2"/>
        <line num="238" type="stmt" count="2"/>
        <line num="239" type="stmt" count="2"/>
        <line num="240" type="stmt" count="2"/>
        <line num="241" type="stmt" count="2"/>
        <line num="242" type="stmt" count="2"/>
        <line num="243" type="stmt" count="2"/>
        <line num="252" type="method" name="remapServiceNamesForStorage" crap="4.10" count="1"/>
        <line num="254" type="stmt" count="1"/>
        <line num="256" type="stmt" count="1"/>
        <line num="258" type="stmt" count="0"/>
        <line num="259" type="stmt" count="0"/>
        <line num="261" type="stmt" count="1"/>
        <line num="263" type="stmt" count="1"/>
        <line num="264" type="stmt" count="1"/>
        <line num="266" type="stmt" count="1"/>
        <line num="268" type="stmt" count="1"/>
        <line num="269" type="stmt" count="1"/>
        <line num="270" type="stmt" count="1"/>
        <line num="280" type="method" name="injectServicesWithoutPrivileges" crap="11.35" count="2"/>
        <line num="282" type="stmt" count="2"/>
        <line num="283" type="stmt" count="2"/>
        <line num="284" type="stmt" count="2"/>
        <line num="285" type="stmt" count="2"/>
        <line num="286" type="stmt" count="2"/>
        <line num="287" type="stmt" count="2"/>
        <line num="288" type="stmt" count="2"/>
        <line num="289" type="stmt" count="0"/>
        <line num="291" type="stmt" count="2"/>
        <line num="292" type="stmt" count="2"/>
        <line num="294" type="stmt" count="0"/>
        <line num="295" type="stmt" count="2"/>
        <line num="296" type="stmt" count="2"/>
        <line num="297" type="stmt" count="2"/>
        <line num="299" type="stmt" count="2"/>
        <line num="300" type="stmt" count="2"/>
        <line num="301" type="stmt" count="2"/>
        <line num="302" type="stmt" count="2"/>
        <line num="303" type="stmt" count="2"/>
        <line num="304" type="stmt" count="2"/>
        <line num="305" type="stmt" count="0"/>
        <line num="307" type="stmt" count="2"/>
        <line num="308" type="stmt" count="2"/>
        <line num="310" type="stmt" count="0"/>
        <line num="311" type="stmt" count="2"/>
        <line num="312" type="stmt" count="2"/>
        <line num="313" type="stmt" count="2"/>
        <line num="314" type="stmt" count="2"/>
        <line num="322" type="method" name="getBaseServiceNamesFromEntity" crap="1" count="2"/>
        <line num="324" type="stmt" count="2"/>
        <line num="325" type="method" name="anonymous function" crap="1" count="2"/>
        <line num="326" type="stmt" count="2"/>
        <line num="327" type="stmt" count="2"/>
        <line num="328" type="stmt" count="2"/>
        <line num="331" type="stmt" count="1"/>
        <metrics loc="330" ncloc="207" classes="1" methods="13" coveredmethods="9" conditionals="0" coveredconditionals="0" statements="126" coveredstatements="117" elements="139" coveredelements="126"/>
      </file>
      <file name="/home/martin/Work/github/zf-apigility-skeleton/vendor/zfcampus/zf-apigility-admin/src/ZF/Apigility/Admin/Model/ContentNegotiationEntity.php">
        <class name="ContentNegotiationEntity" namespace="ZF\Apigility\Admin\Model">
          <metrics methods="3" coveredmethods="2" conditionals="0" coveredconditionals="0" statements="19" coveredstatements="7" elements="22" coveredelements="9"/>
        </class>
        <line num="11" type="method" name="__construct" crap="1" count="5"/>
        <line num="13" type="stmt" count="5"/>
        <line num="14" type="stmt" count="5"/>
        <line num="15" type="stmt" count="5"/>
[...]
        </class>
        <line num="25" type="method" name="__construct" crap="3.07" count="3"/>
        <line num="27" type="stmt" count="3"/>
        <line num="28" type="stmt" count="0"/>
        <line num="31" type="stmt" count="3"/>
        <line num="32" type="stmt" count="3"/>
        <line num="33" type="stmt" count="3"/>
        <line num="41" type="method" name="__get" crap="2.11" count="3"/>
        <line num="44" type="stmt" count="3"/>
        <line num="45" type="stmt" count="3"/>
        <line num="46" type="stmt" count="3"/>
        <line num="47" type="stmt" count="3"/>
        <line num="48" type="stmt" count="3"/>
        <line num="49" type="stmt" count="0"/>
        <line num="50" type="stmt" count="0"/>
        <line num="52" type="stmt" count="0"/>
        <line num="54" type="stmt" count="3"/>
        <line num="55" type="stmt" count="3"/>
        <line num="64" type="method" name="setLinks" crap="1" count="3"/>
        <line num="66" type="stmt" count="3"/>
        <line num="67" type="stmt" count="3"/>
        <line num="75" type="method" name="getLinks" crap="2" count="3"/>
        <line num="77" type="stmt" count="3"/>
        <line num="78" type="stmt" count="3"/>
        <line num="79" type="stmt" count="3"/>
        <line num="80" type="stmt" count="3"/>
        <line num="83" type="stmt" count="1"/>
        <metrics loc="82" ncloc="53" classes="1" methods="4" coveredmethods="2" conditionals="0" coveredconditionals="0" statements="21" coveredstatements="17" elements="25" coveredelements="19"/>
      </file>
    </package>
    <package name="ZF\Hal\Link">
      <file name="/home/martin/Work/github/zf-apigility-skeleton/vendor/zfcampus/zf-apigility-admin/vendor/zfcampus/zf-hal/src/ZF/Hal/Link/Link.php">
        <class name="Link" namespace="ZF\Hal\Link">
          <metrics methods="16" coveredmethods="6" conditionals="0" coveredconditionals="0" statements="99" coveredstatements="31" elements="115" coveredelements="37"/>
        </class>
        <line num="57" type="method" name="__construct" crap="1" count="4"/>
        <line num="59" type="stmt" count="4"/>
        <line num="60" type="stmt" count="4"/>
        <line num="69" type="method" name="factory" crap="43.08" count="4"/>
        <line num="71" type="stmt" count="4"/>
        <line num="72" type="stmt" count="0"/>
        <line num="73" type="stmt" count="0"/>
        <line num="75" type="stmt" count="0"/>
        <line num="77" type="stmt" count="4"/>
        <line num="79" type="stmt" count="4"/>
        <line num="80" type="stmt" count="4"/>
        <line num="81" type="stmt" count="4"/>
        <line num="82" type="stmt" count="0"/>
        <line num="83" type="stmt" count="0"/>
        <line num="85" type="stmt" count="4"/>
        <line num="86" type="stmt" count="0"/>
        <line num="87" type="stmt" count="0"/>
        <line num="90" type="stmt" count="4"/>
        <line num="91" type="stmt" count="4"/>
        <line num="92" type="stmt" count="4"/>
        <line num="93" type="stmt" count="0"/>
        <line num="94" type="stmt" count="0"/>
        <line num="97" type="stmt" count="4"/>
        <line num="98" type="stmt" count="0"/>
        <line num="99" type="stmt" count="0"/>
        <line num="100" type="stmt" count="0"/>
        <line num="101" type="stmt" count="0"/>
        <line num="102" type="stmt" count="0"/>
        <line num="105" type="stmt" count="4"/>
        <line num="106" type="stmt" count="0"/>
        <line num="107" type="stmt" count="0"/>
        <line num="109" type="stmt" count="0"/>
        <line num="111" type="stmt" count="4"/>
        <line num="112" type="stmt" count="4"/>
        <line num="113" type="stmt" count="4"/>
        <line num="114" type="stmt" count="4"/>
        <line num="115" type="stmt" count="4"/>
        <line num="118" type="stmt" count="0"/>
        <line num="129" type="method" name="setProps" crap="6" count="0"/>
        <line num="131" type="stmt" count="0"/>
        <line num="132" type="stmt" count="0"/>
        <line num="133" type="stmt" count="0"/>
        <line num="134" type="stmt" count="0"/>
        <line num="135" type="stmt" count="0"/>
        <line num="148" type="method" name="setRoute" crap="5.16" count="4"/>
        <line num="150" type="stmt" count="4"/>
        <line num="151" type="stmt" count="0"/>
        <line num="152" type="stmt" count="0"/>
        <line num="154" type="stmt" count="0"/>
        <line num="157" type="stmt" count="4"/>
        <line num="158" type="stmt" count="4"/>
        <line num="159" type="stmt" count="4"/>
        <line num="160" type="stmt" count="4"/>
        <line num="161" type="stmt" count="4"/>
        <line num="162" type="stmt" count="0"/>
        <line num="163" type="stmt" count="0"/>
        <line num="164" type="stmt" count="4"/>
        <line num="173" type="method" name="setRouteOptions" crap="20" count="0"/>
        <line num="175" type="stmt" count="0"/>
        <line num="176" type="stmt" count="0"/>
        <line num="177" type="stmt" count="0"/>
        <line num="179" type="stmt" count="0"/>
        <line num="180" type="stmt" count="0"/>
        <line num="181" type="stmt" count="0"/>
        <line num="182" type="stmt" count="0"/>
        <line num="183" type="stmt" count="0"/>
        <line num="184" type="stmt" count="0"/>
        <line num="187" type="stmt" count="0"/>
        <line num="188" type="stmt" count="0"/>
        <line num="197" type="method" name="setRouteParams" crap="8.12" count="4"/>
        <line num="199" type="stmt" count="4"/>
        <line num="200" type="stmt" count="0"/>
        <line num="201" type="stmt" count="0"/>
        <line num="203" type="stmt" count="4"/>
        <line num="204" type="stmt" count="0"/>
        <line num="205" type="stmt" count="0"/>
        <line num="206" type="stmt" count="0"/>
        <line num="207" type="stmt" count="0"/>
        <line num="208" type="stmt" count="0"/>
        <line num="211" type="stmt" count="4"/>
        <line num="212" type="stmt" count="4"/>
        <line num="221" type="method" name="setUrl" crap="20" count="0"/>
        <line num="223" type="stmt" count="0"/>
        <line num="224" type="stmt" count="0"/>
        <line num="225" type="stmt" count="0"/>
        <line num="227" type="stmt" count="0"/>
        <line num="231" type="stmt" count="0"/>
        <line num="232" type="stmt" count="0"/>
        <line num="233" type="stmt" count="0"/>
        <line num="234" type="stmt" count="0"/>
        <line num="235" type="stmt" count="0"/>
        <line num="236" type="stmt" count="0"/>
        <line num="239" type="stmt" count="0"/>
        <line num="240" type="stmt" count="0"/>
        <line num="242" type="stmt" count="0"/>
        <line num="245" type="stmt" count="0"/>
        <line num="246" type="stmt" count="0"/>
        <line num="254" type="method" name="getProps" crap="2" count="0"/>
        <line num="256" type="stmt" count="0"/>
        <line num="264" type="method" name="getRelation" crap="1" count="4"/>
        <line num="266" type="stmt" count="4"/>
        <line num="274" type="method" name="getRoute" crap="2" count="0"/>
        <line num="276" type="stmt" count="0"/>
        <line num="284" type="method" name="getRouteOptions" crap="2" count="0"/>
        <line num="286" type="stmt" count="0"/>
        <line num="294" type="method" name="getRouteParams" crap="2" count="0"/>
        <line num="296" type="stmt" count="0"/>
        <line num="304" type="method" name="getUrl" crap="2" count="0"/>
        <line num="306" type="stmt" count="0"/>
        <line num="314" type="method" name="isComplete" crap="6" count="0"/>
        <line num="316" type="stmt" count="0"/>
        <line num="324" type="method" name="hasRoute" crap="2" count="0"/>
        <line num="326" type="stmt" count="0"/>
        <line num="334" type="method" name="hasUrl" crap="1" count="4"/>
        <line num="336" type="stmt" count="4"/>
        <line num="339" type="stmt" count="1"/>
        <metrics loc="338" ncloc="219" classes="1" methods="16" coveredmethods="3" conditionals="0" coveredconditionals="0" statements="99" coveredstatements="31" elements="115" coveredelements="34"/>
      </file>
      <file name="/home/martin/Work/github/zf-apigility-skeleton/vendor/zfcampus/zf-apigility-admin/vendor/zfcampus/zf-hal/src/ZF/Hal/Link/LinkCollection.php">
        <class name="LinkCollection" namespace="ZF\Hal\Link">
          <metrics methods="6" coveredmethods="1" conditionals="0" coveredconditionals="0" statements="26" coveredstatements="4" elements="32" coveredelements="5"/>
        </class>
        <line num="29" type="method" name="count" crap="2" count="0"/>
        <line num="31" type="stmt" count="0"/>
        <line num="39" type="method" name="getIterator" crap="2" count="0"/>
        <line num="41" type="stmt" count="0"/>
        <line num="51" type="method" name="add" crap="21.19" count="4"/>
        <line num="53" type="stmt" count="4"/>
        <line num="54" type="stmt" count="4"/>
        <line num="55" type="stmt" count="4"/>
        <line num="56" type="stmt" count="4"/>
        <line num="59" type="stmt" count="0"/>
        <line num="60" type="stmt" count="0"/>
        <line num="61" type="stmt" count="0"/>
        <line num="63" type="stmt" count="0"/>
        <line num="64" type="stmt" count="0"/>
        <line num="65" type="stmt" count="0"/>
        <line num="66" type="stmt" count="0"/>
        <line num="67" type="stmt" count="0"/>
        <line num="68" type="stmt" count="0"/>
        <line num="69" type="stmt" count="0"/>
        <line num="72" type="stmt" count="0"/>
        <line num="73" type="stmt" count="0"/>
        <line num="82" type="method" name="get" crap="6" count="0"/>
        <line num="84" type="stmt" count="0"/>
        <line num="85" type="stmt" count="0"/>
        <line num="87" type="stmt" count="0"/>
        <line num="96" type="method" name="has" crap="2" count="0"/>
        <line num="98" type="stmt" count="0"/>
        <line num="107" type="method" name="remove" crap="6" count="0"/>
        <line num="109" type="stmt" count="0"/>
        <line num="110" type="stmt" count="0"/>
        <line num="112" type="stmt" count="0"/>
        <line num="113" type="stmt" count="0"/>
        <line num="116" type="stmt" count="1"/>
        <metrics loc="115" ncloc="70" classes="1" methods="6" coveredmethods="0" conditionals="0" coveredconditionals="0" statements="26" coveredstatements="4" elements="32" coveredelements="4"/>
      </file>
    </package>
    <file name="/home/martin/Work/github/zf-apigility-skeleton/vendor/zfcampus/zf-apigility-admin/vendor/zfcampus/zf-hal/src/ZF/Hal/Link/LinkCollectionAwareInterface.php">
      <line num="14" type="stmt" count="1"/>
      <metrics loc="13" ncloc="9" classes="0" methods="0" coveredmethods="0" conditionals="0" coveredconditionals="0" statements="0" coveredstatements="0" elements="0" coveredelements="0"/>
    </file>
    <package name="ZF\Rest">
      <file name="/home/martin/Work/github/zf-apigility-skeleton/vendor/zfcampus/zf-apigility-admin/vendor/zfcampus/zf-rest/src/ZF/Rest/AbstractResourceListener.php">
        <class name="AbstractResourceListener" namespace="ZF\Rest">
          <metrics methods="16" coveredmethods="0" conditionals="0" coveredconditionals="0" statements="66" coveredstatements="0" elements="82" coveredelements="0"/>
        </class>
        <line num="35" type="method" name="setEntityClass" crap="2" count="0"/>
        <line num="37" type="stmt" count="0"/>
        <line num="38" type="stmt" count="0"/>
        <line num="41" type="method" name="getEntityClass" crap="2" count="0"/>
        <line num="43" type="stmt" count="0"/>
        <line num="46" type="method" name="setCollectionClass" crap="2" count="0"/>
        <line num="48" type="stmt" count="0"/>
        <line num="49" type="stmt" count="0"/>
        <line num="52" type="method" name="getCollectionClass" crap="2" count="0"/>
        <line num="54" type="stmt" count="0"/>
        <line num="62" type="method" name="getEvent" crap="2" count="0"/>
        <line num="64" type="stmt" count="0"/>
        <line num="75" type="method" name="getInputFilter" crap="12" count="0"/>
        <line num="77" type="stmt" count="0"/>
        <line num="78" type="stmt" count="0"/>
        <line num="81" type="stmt" count="0"/>
        <line num="82" type="stmt" count="0"/>
        <line num="83" type="stmt" count="0"/>
        <line num="86" type="stmt" count="0"/>
        <line num="87" type="stmt" count="0"/>
        <line num="95" type="method" name="attach" crap="2" count="0"/>
        <line num="97" type="stmt" count="0"/>
        <line num="98" type="stmt" count="0"/>
        <line num="99" type="stmt" count="0"/>
        <line num="100" type="stmt" count="0"/>
        <line num="101" type="stmt" count="0"/>
        <line num="102" type="stmt" count="0"/>
        <line num="103" type="stmt" count="0"/>
        <line num="104" type="stmt" count="0"/>
        <line num="105" type="stmt" count="0"/>
        <line num="115" type="method" name="dispatch" crap="110" count="0"/>
        <line num="117" type="stmt" count="0"/>
        <line num="118" type="stmt" count="0"/>
        <line num="119" type="stmt" count="0"/>
        <line num="120" type="stmt" count="0"/>
        <line num="121" type="stmt" count="0"/>
        <line num="122" type="stmt" count="0"/>
        <line num="123" type="stmt" count="0"/>
        <line num="124" type="stmt" count="0"/>
        <line num="125" type="stmt" count="0"/>
        <line num="126" type="stmt" count="0"/>
        <line num="127" type="stmt" count="0"/>
        <line num="128" type="stmt" count="0"/>
        <line num="129" type="stmt" count="0"/>
        <line num="130" type="stmt" count="0"/>
        <line num="131" type="stmt" count="0"/>
        <line num="132" type="stmt" count="0"/>
        <line num="133" type="stmt" count="0"/>
        <line num="134" type="stmt" count="0"/>
        <line num="135" type="stmt" count="0"/>
        <line num="136" type="stmt" count="0"/>
        <line num="137" type="stmt" count="0"/>
        <line num="138" type="stmt" count="0"/>
        <line num="139" type="stmt" count="0"/>
        <line num="140" type="stmt" count="0"/>
        <line num="141" type="stmt" count="0"/>
        <line num="142" type="stmt" count="0"/>
        <line num="143" type="stmt" count="0"/>
        <line num="144" type="stmt" count="0"/>
        <line num="145" type="stmt" count="0"/>
        <line num="146" type="stmt" count="0"/>
        <line num="147" type="stmt" count="0"/>
        <line num="148" type="stmt" count="0"/>
        <line num="149" type="stmt" count="0"/>
        <line num="150" type="stmt" count="0"/>
        <line num="151" type="stmt" count="0"/>
        <line num="160" type="method" name="create" crap="2" count="0"/>
        <line num="162" type="stmt" count="0"/>
        <line num="171" type="method" name="delete" crap="2" count="0"/>
        <line num="173" type="stmt" count="0"/>
        <line num="182" type="method" name="deleteList" crap="2" count="0"/>
        <line num="184" type="stmt" count="0"/>
        <line num="193" type="method" name="fetch" crap="2" count="0"/>
        <line num="195" type="stmt" count="0"/>
        <line num="204" type="method" name="fetchAll" crap="2" count="0"/>
        <line num="206" type="stmt" count="0"/>
        <line num="216" type="method" name="patch" crap="2" count="0"/>
        <line num="218" type="stmt" count="0"/>
        <line num="227" type="method" name="replaceList" crap="2" count="0"/>
        <line num="229" type="stmt" count="0"/>
        <line num="239" type="method" name="update" crap="2" count="0"/>
        <line num="241" type="stmt" count="0"/>
        <line num="244" type="stmt" count="1"/>
        <metrics loc="243" ncloc="149" classes="1" methods="16" coveredmethods="0" conditionals="0" coveredconditionals="0" statements="66" coveredstatements="0" elements="82" coveredelements="0"/>
      </file>
    </package>
    <package name="ZF\Rest\Exception">
      <file name="/home/martin/Work/github/zf-apigility-skeleton/vendor/zfcampus/zf-apigility-admin/vendor/zfcampus/zf-rest/src/ZF/Rest/Exception/CreationException.php">
        <class name="CreationException" namespace="ZF\Rest\Exception">
          <metrics methods="0" coveredmethods="0" conditionals="0" coveredconditionals="0" statements="0" coveredstatements="0" elements="0" coveredelements="0"/>
        </class>
        <line num="18" type="stmt" count="1"/>
        <metrics loc="17" ncloc="9" classes="1" methods="0" coveredmethods="0" conditionals="0" coveredconditionals="0" statements="0" coveredstatements="0" elements="0" coveredelements="0"/>
      </file>
    </package>
    <file name="/home/martin/Work/github/zf-apigility-skeleton/vendor/zfcampus/zf-apigility-admin/view/code-connected/rest-collection.phtml">
      <line num="8" type="stmt" count="25"/>
      <metrics loc="7" ncloc="7" classes="0" methods="0" coveredmethods="0" conditionals="0" coveredconditionals="0" statements="0" coveredstatements="0" elements="0" coveredelements="0"/>
    </file>
    <file name="/home/martin/Work/github/zf-apigility-skeleton/vendor/zfcampus/zf-apigility-admin/view/code-connected/rest-entity-db-connected.phtml">
      <line num="8" type="stmt" count="10"/>
      <metrics loc="7" ncloc="7" classes="0" methods="0" coveredmethods="0" conditionals="0" coveredconditionals="0" statements="0" coveredstatements="0" elements="0" coveredelements="0"/>
    </file>
    <file name="/home/martin/Work/github/zf-apigility-skeleton/vendor/zfcampus/zf-apigility-admin/view/code-connected/rest-entity.phtml">
      <line num="2" type="stmt" count="15"/>
      <line num="3" type="stmt" count="15"/>
      <line num="4" type="stmt" count="13"/>
      <line num="5" type="stmt" count="13"/>
      <line num="40" type="stmt" count="15"/>
      <metrics loc="39" ncloc="37" classes="0" methods="0" coveredmethods="0" conditionals="0" coveredconditionals="0" statements="4" coveredstatements="4" elements="4" coveredelements="4"/>
    </file>
    <file name="/home/martin/Work/github/zf-apigility-skeleton/vendor/zfcampus/zf-apigility-admin/view/code-connected/rest-resource.phtml">
      <line num="98" type="stmt" count="16"/>
      <metrics loc="97" ncloc="97" classes="0" methods="0" coveredmethods="0" conditionals="0" coveredconditionals="0" statements="0" coveredstatements="0" elements="0" coveredelements="0"/>
    </file>
    <file name="/home/martin/Work/github/zf-apigility-skeleton/vendor/zfcampus/zf-apigility-admin/view/code-connected/rpc-controller.phtml">
      <line num="11" type="stmt" count="5"/>
      <metrics loc="10" ncloc="10" classes="0" methods="0" coveredmethods="0" conditionals="0" coveredconditionals="0" statements="0" coveredstatements="0" elements="0" coveredelements="0"/>
    </file>
    <file name="/home/martin/Work/github/zf-apigility-skeleton/vendor/zfcampus/zf-apigility-admin/view/module/skeleton.phtml">
      <line num="23" type="stmt" count="6"/>
      <metrics loc="22" ncloc="22" classes="0" methods="0" coveredmethods="0" conditionals="0" coveredconditionals="0" statements="0" coveredstatements="0" elements="0" coveredelements="0"/>
    </file>
    <file name="/tmp/ZFTest\Apigility\Admin\Model_52ed3cbacdc58/config/application.config.php">
      <line num="3" type="stmt" count="1"/>
      <line num="5" type="stmt" count="1"/>
      <metrics loc="4" ncloc="4" classes="0" methods="0" coveredmethods="0" conditionals="0" coveredconditionals="0" statements="1" coveredstatements="1" elements="1" coveredelements="1"/>
    </file>
    <metrics files="179" loc="25493" ncloc="16432" classes="131" methods="973" coveredmethods="255" conditionals="0" coveredconditionals="0" statements="7772" coveredstatements="3987" elements="8745" coveredelements="4242"/>
  </project>
</coverage>
